[0.450s] Invoking command in '/home/yesopi/Ros2_2023/Submarine/src/Interface': PYTHONPATH=/home/yesopi/Ros2_2023/Submarine/build/Interface/prefix_override:/home/yesopi/Ros2_2023/Submarine/install/Interface/lib/python3.10/site-packages:${PYTHONPATH} /usr/bin/python3 setup.py egg_info --egg-base ../../build/Interface build --build-base /home/yesopi/Ros2_2023/Submarine/build/Interface/build install --record /home/yesopi/Ros2_2023/Submarine/build/Interface/install.log --single-version-externally-managed
[0.619s] running egg_info
[0.620s] writing ../../build/Interface/Interface.egg-info/PKG-INFO
[0.620s] writing dependency_links to ../../build/Interface/Interface.egg-info/dependency_links.txt
[0.620s] writing entry points to ../../build/Interface/Interface.egg-info/entry_points.txt
[0.620s] writing requirements to ../../build/Interface/Interface.egg-info/requires.txt
[0.620s] writing top-level names to ../../build/Interface/Interface.egg-info/top_level.txt
[0.622s] reading manifest file '../../build/Interface/Interface.egg-info/SOURCES.txt'
[0.623s] writing manifest file '../../build/Interface/Interface.egg-info/SOURCES.txt'
[0.623s] running build
[0.623s] running build_py
[0.623s] copying Interface/InterfaceNode.py -> /home/yesopi/Ros2_2023/Submarine/build/Interface/build/lib/Interface
[0.623s] running install
[0.624s] /usr/lib/python3/dist-packages/setuptools/command/install.py:34: SetuptoolsDeprecationWarning: setup.py install is deprecated. Use build and pip and other standards-based tools.
[0.624s]   warnings.warn(
[0.624s] running install_lib
[0.624s] copying /home/yesopi/Ros2_2023/Submarine/build/Interface/build/lib/Interface/InterfaceNode.py -> /home/yesopi/Ros2_2023/Submarine/install/Interface/lib/python3.10/site-packages/Interface
[0.625s] byte-compiling /home/yesopi/Ros2_2023/Submarine/install/Interface/lib/python3.10/site-packages/Interface/InterfaceNode.py to InterfaceNode.cpython-310.pyc
[0.632s] running install_data
[0.633s] running install_egg_info
[0.635s] removing '/home/yesopi/Ros2_2023/Submarine/install/Interface/lib/python3.10/site-packages/Interface-0.0.0-py3.10.egg-info' (and everything under it)
[0.635s] Copying ../../build/Interface/Interface.egg-info to /home/yesopi/Ros2_2023/Submarine/install/Interface/lib/python3.10/site-packages/Interface-0.0.0-py3.10.egg-info
[0.636s] running install_scripts
[0.651s] Installing interface script to /home/yesopi/Ros2_2023/Submarine/install/Interface/lib/Interface
[0.651s] writing list of installed files to '/home/yesopi/Ros2_2023/Submarine/build/Interface/install.log'
[0.666s] Invoked command in '/home/yesopi/Ros2_2023/Submarine/src/Interface' returned '0': PYTHONPATH=/home/yesopi/Ros2_2023/Submarine/build/Interface/prefix_override:/home/yesopi/Ros2_2023/Submarine/install/Interface/lib/python3.10/site-packages:${PYTHONPATH} /usr/bin/python3 setup.py egg_info --egg-base ../../build/Interface build --build-base /home/yesopi/Ros2_2023/Submarine/build/Interface/build install --record /home/yesopi/Ros2_2023/Submarine/build/Interface/install.log --single-version-externally-managed
