running egg_info
writing ../../build/Interface/Interface.egg-info/PKG-INFO
writing dependency_links to ../../build/Interface/Interface.egg-info/dependency_links.txt
writing entry points to ../../build/Interface/Interface.egg-info/entry_points.txt
writing requirements to ../../build/Interface/Interface.egg-info/requires.txt
writing top-level names to ../../build/Interface/Interface.egg-info/top_level.txt
reading manifest file '../../build/Interface/Interface.egg-info/SOURCES.txt'
writing manifest file '../../build/Interface/Interface.egg-info/SOURCES.txt'
running build
running build_py
copying Interface/InterfaceNode.py -> /home/yesopi/Ros2_2023/Submarine/build/Interface/build/lib/Interface
/usr/lib/python3/dist-packages/setuptools/command/install.py:34: SetuptoolsDeprecationWarning: setup.py install is deprecated. Use build and pip and other standards-based tools.
  warnings.warn(
running install
running install_lib
copying /home/yesopi/Ros2_2023/Submarine/build/Interface/build/lib/Interface/InterfaceNode.py -> /home/yesopi/Ros2_2023/Submarine/install/Interface/lib/python3.10/site-packages/Interface
byte-compiling /home/yesopi/Ros2_2023/Submarine/install/Interface/lib/python3.10/site-packages/Interface/InterfaceNode.py to InterfaceNode.cpython-310.pyc
running install_data
running install_egg_info
removing '/home/yesopi/Ros2_2023/Submarine/install/Interface/lib/python3.10/site-packages/Interface-0.0.0-py3.10.egg-info' (and everything under it)
Copying ../../build/Interface/Interface.egg-info to /home/yesopi/Ros2_2023/Submarine/install/Interface/lib/python3.10/site-packages/Interface-0.0.0-py3.10.egg-info
running install_scripts
Installing interface script to /home/yesopi/Ros2_2023/Submarine/install/Interface/lib/Interface
writing list of installed files to '/home/yesopi/Ros2_2023/Submarine/build/Interface/install.log'
