[0.968s] DEBUG:colcon:Command line arguments: ['/usr/bin/colcon', 'build']
[0.968s] DEBUG:colcon:Parsed command line arguments: Namespace(log_base=None, log_level=None, verb_name='build', build_base='build', install_base='install', merge_install=False, symlink_install=False, test_result_base=None, continue_on_error=False, executor='parallel', parallel_workers=12, event_handlers=None, ignore_user_meta=False, metas=['./colcon.meta'], base_paths=['.'], packages_ignore=None, packages_ignore_regex=None, paths=None, packages_up_to=None, packages_up_to_regex=None, packages_above=None, packages_above_and_dependencies=None, packages_above_depth=None, packages_select_by_dep=None, packages_skip_by_dep=None, packages_skip_up_to=None, packages_select_build_failed=False, packages_skip_build_finished=False, packages_select_test_failures=False, packages_skip_test_passed=False, packages_select=None, packages_skip=None, packages_select_regex=None, packages_skip_regex=None, packages_start=None, packages_end=None, allow_overriding=[], cmake_args=None, cmake_target=None, cmake_target_skip_unavailable=False, cmake_clean_cache=False, cmake_clean_first=False, cmake_force_configure=False, ament_cmake_args=None, catkin_cmake_args=None, catkin_skip_building_tests=False, verb_parser=<colcon_defaults.argument_parser.defaults.DefaultArgumentsDecorator object at 0x7fbf11bf86a0>, verb_extension=<colcon_core.verb.build.BuildVerb object at 0x7fbf12426b30>, main=<bound method BuildVerb.main of <colcon_core.verb.build.BuildVerb object at 0x7fbf12426b30>>)
[1.146s] Level 1:colcon.colcon_core.package_discovery:discover_packages(colcon_meta) check parameters
[1.146s] Level 1:colcon.colcon_core.package_discovery:discover_packages(recursive) check parameters
[1.146s] Level 1:colcon.colcon_core.package_discovery:discover_packages(ignore) check parameters
[1.146s] Level 1:colcon.colcon_core.package_discovery:discover_packages(path) check parameters
[1.146s] Level 1:colcon.colcon_core.package_discovery:discover_packages(colcon_meta) discover
[1.147s] Level 1:colcon.colcon_core.package_discovery:discover_packages(recursive) discover
[1.147s] INFO:colcon.colcon_core.package_discovery:Crawling recursively for packages in '/home/yesopi/Ros2_2023/Submarine'
[1.147s] Level 1:colcon.colcon_core.package_identification:_identify(.) by extensions ['ignore', 'ignore_ament_install']
[1.147s] Level 1:colcon.colcon_core.package_identification:_identify(.) by extension 'ignore'
[1.147s] Level 1:colcon.colcon_core.package_identification:_identify(.) by extension 'ignore_ament_install'
[1.148s] Level 1:colcon.colcon_core.package_identification:_identify(.) by extensions ['colcon_pkg']
[1.148s] Level 1:colcon.colcon_core.package_identification:_identify(.) by extension 'colcon_pkg'
[1.148s] Level 1:colcon.colcon_core.package_identification:_identify(.) by extensions ['colcon_meta']
[1.148s] Level 1:colcon.colcon_core.package_identification:_identify(.) by extension 'colcon_meta'
[1.148s] Level 1:colcon.colcon_core.package_identification:_identify(.) by extensions ['ros']
[1.148s] Level 1:colcon.colcon_core.package_identification:_identify(.) by extension 'ros'
[1.157s] Level 1:colcon.colcon_core.package_identification:_identify(.) by extensions ['cmake', 'python']
[1.157s] Level 1:colcon.colcon_core.package_identification:_identify(.) by extension 'cmake'
[1.157s] Level 1:colcon.colcon_core.package_identification:_identify(.) by extension 'python'
[1.157s] Level 1:colcon.colcon_core.package_identification:_identify(.) by extensions ['python_setup_py']
[1.157s] Level 1:colcon.colcon_core.package_identification:_identify(.) by extension 'python_setup_py'
[1.157s] Level 1:colcon.colcon_core.package_identification:_identify(build) by extensions ['ignore', 'ignore_ament_install']
[1.157s] Level 1:colcon.colcon_core.package_identification:_identify(build) by extension 'ignore'
[1.157s] Level 1:colcon.colcon_core.package_identification:_identify(build) ignored
[1.158s] Level 1:colcon.colcon_core.package_identification:_identify(install) by extensions ['ignore', 'ignore_ament_install']
[1.158s] Level 1:colcon.colcon_core.package_identification:_identify(install) by extension 'ignore'
[1.158s] Level 1:colcon.colcon_core.package_identification:_identify(install) ignored
[1.158s] Level 1:colcon.colcon_core.package_identification:_identify(log) by extensions ['ignore', 'ignore_ament_install']
[1.158s] Level 1:colcon.colcon_core.package_identification:_identify(log) by extension 'ignore'
[1.158s] Level 1:colcon.colcon_core.package_identification:_identify(log) ignored
[1.158s] Level 1:colcon.colcon_core.package_identification:_identify(src) by extensions ['ignore', 'ignore_ament_install']
[1.158s] Level 1:colcon.colcon_core.package_identification:_identify(src) by extension 'ignore'
[1.158s] Level 1:colcon.colcon_core.package_identification:_identify(src) by extension 'ignore_ament_install'
[1.158s] Level 1:colcon.colcon_core.package_identification:_identify(src) by extensions ['colcon_pkg']
[1.158s] Level 1:colcon.colcon_core.package_identification:_identify(src) by extension 'colcon_pkg'
[1.158s] Level 1:colcon.colcon_core.package_identification:_identify(src) by extensions ['colcon_meta']
[1.158s] Level 1:colcon.colcon_core.package_identification:_identify(src) by extension 'colcon_meta'
[1.158s] Level 1:colcon.colcon_core.package_identification:_identify(src) by extensions ['ros']
[1.158s] Level 1:colcon.colcon_core.package_identification:_identify(src) by extension 'ros'
[1.158s] Level 1:colcon.colcon_core.package_identification:_identify(src) by extensions ['cmake', 'python']
[1.158s] Level 1:colcon.colcon_core.package_identification:_identify(src) by extension 'cmake'
[1.158s] Level 1:colcon.colcon_core.package_identification:_identify(src) by extension 'python'
[1.158s] Level 1:colcon.colcon_core.package_identification:_identify(src) by extensions ['python_setup_py']
[1.158s] Level 1:colcon.colcon_core.package_identification:_identify(src) by extension 'python_setup_py'
[1.158s] Level 1:colcon.colcon_core.package_identification:_identify(src/Interface) by extensions ['ignore', 'ignore_ament_install']
[1.159s] Level 1:colcon.colcon_core.package_identification:_identify(src/Interface) by extension 'ignore'
[1.159s] Level 1:colcon.colcon_core.package_identification:_identify(src/Interface) by extension 'ignore_ament_install'
[1.159s] Level 1:colcon.colcon_core.package_identification:_identify(src/Interface) by extensions ['colcon_pkg']
[1.159s] Level 1:colcon.colcon_core.package_identification:_identify(src/Interface) by extension 'colcon_pkg'
[1.159s] Level 1:colcon.colcon_core.package_identification:_identify(src/Interface) by extensions ['colcon_meta']
[1.159s] Level 1:colcon.colcon_core.package_identification:_identify(src/Interface) by extension 'colcon_meta'
[1.159s] Level 1:colcon.colcon_core.package_identification:_identify(src/Interface) by extensions ['ros']
[1.159s] Level 1:colcon.colcon_core.package_identification:_identify(src/Interface) by extension 'ros'
[1.222s] DEBUG:colcon.colcon_core.package_identification:Package 'src/Interface' with type 'ros.ament_python' and name 'Interface'
[1.222s] Level 1:colcon.colcon_core.package_discovery:discover_packages(recursive) using defaults
[1.223s] Level 1:colcon.colcon_core.package_discovery:discover_packages(ignore) discover
[1.223s] Level 1:colcon.colcon_core.package_discovery:discover_packages(ignore) using defaults
[1.223s] Level 1:colcon.colcon_core.package_discovery:discover_packages(path) discover
[1.223s] Level 1:colcon.colcon_core.package_discovery:discover_packages(path) using defaults
[1.269s] Level 1:colcon.colcon_core.package_discovery:discover_packages(prefix_path) check parameters
[1.269s] Level 1:colcon.colcon_core.package_discovery:discover_packages(prefix_path) discover
[1.272s] DEBUG:colcon.colcon_installed_package_information.package_discovery:Found 270 installed packages in /opt/ros/humble
[1.273s] Level 1:colcon.colcon_core.package_discovery:discover_packages(prefix_path) using defaults
[1.318s] Level 5:colcon.colcon_core.verb:set package 'Interface' build argument 'cmake_args' from command line to 'None'
[1.318s] Level 5:colcon.colcon_core.verb:set package 'Interface' build argument 'cmake_target' from command line to 'None'
[1.318s] Level 5:colcon.colcon_core.verb:set package 'Interface' build argument 'cmake_target_skip_unavailable' from command line to 'False'
[1.318s] Level 5:colcon.colcon_core.verb:set package 'Interface' build argument 'cmake_clean_cache' from command line to 'False'
[1.318s] Level 5:colcon.colcon_core.verb:set package 'Interface' build argument 'cmake_clean_first' from command line to 'False'
[1.318s] Level 5:colcon.colcon_core.verb:set package 'Interface' build argument 'cmake_force_configure' from command line to 'False'
[1.318s] Level 5:colcon.colcon_core.verb:set package 'Interface' build argument 'ament_cmake_args' from command line to 'None'
[1.318s] Level 5:colcon.colcon_core.verb:set package 'Interface' build argument 'catkin_cmake_args' from command line to 'None'
[1.318s] Level 5:colcon.colcon_core.verb:set package 'Interface' build argument 'catkin_skip_building_tests' from command line to 'False'
[1.318s] DEBUG:colcon.colcon_core.verb:Building package 'Interface' with the following arguments: {'ament_cmake_args': None, 'build_base': '/home/yesopi/Ros2_2023/Submarine/build/Interface', 'catkin_cmake_args': None, 'catkin_skip_building_tests': False, 'cmake_args': None, 'cmake_clean_cache': False, 'cmake_clean_first': False, 'cmake_force_configure': False, 'cmake_target': None, 'cmake_target_skip_unavailable': False, 'install_base': '/home/yesopi/Ros2_2023/Submarine/install/Interface', 'merge_install': False, 'path': '/home/yesopi/Ros2_2023/Submarine/src/Interface', 'symlink_install': False, 'test_result_base': None}
[1.318s] INFO:colcon.colcon_core.executor:Executing jobs using 'parallel' executor
[1.321s] DEBUG:colcon.colcon_parallel_executor.executor.parallel:run_until_complete
[1.321s] INFO:colcon.colcon_ros.task.ament_python.build:Building ROS package in '/home/yesopi/Ros2_2023/Submarine/src/Interface' with build type 'ament_python'
[1.321s] Level 1:colcon.colcon_core.shell:create_environment_hook('Interface', 'ament_prefix_path')
[1.361s] INFO:colcon.colcon_core.plugin_system:Skipping extension 'colcon_core.shell.bat': Not used on non-Windows systems
[1.362s] INFO:colcon.colcon_core.shell:Creating environment hook '/home/yesopi/Ros2_2023/Submarine/install/Interface/share/Interface/hook/ament_prefix_path.ps1'
[1.363s] INFO:colcon.colcon_core.shell:Creating environment descriptor '/home/yesopi/Ros2_2023/Submarine/install/Interface/share/Interface/hook/ament_prefix_path.dsv'
[1.364s] INFO:colcon.colcon_core.shell:Creating environment hook '/home/yesopi/Ros2_2023/Submarine/install/Interface/share/Interface/hook/ament_prefix_path.sh'
[1.368s] INFO:colcon.colcon_core.shell:Skip shell extension 'powershell' for command environment: Not usable outside of PowerShell
[1.368s] DEBUG:colcon.colcon_core.shell:Skip shell extension 'dsv' for command environment
[1.668s] INFO:colcon.colcon_core.task.python.build:Building Python package in '/home/yesopi/Ros2_2023/Submarine/src/Interface'
[1.670s] INFO:colcon.colcon_core.shell:Skip shell extension 'powershell' for command environment: Not usable outside of PowerShell
[1.670s] DEBUG:colcon.colcon_core.shell:Skip shell extension 'dsv' for command environment
[2.253s] DEBUG:colcon.colcon_core.event_handler.log_command:Invoking command in '/home/yesopi/Ros2_2023/Submarine/src/Interface': PYTHONPATH=/home/yesopi/Ros2_2023/Submarine/build/Interface/prefix_override:/home/yesopi/Ros2_2023/Submarine/install/Interface/lib/python3.10/site-packages:${PYTHONPATH} /usr/bin/python3 setup.py egg_info --egg-base ../../build/Interface build --build-base /home/yesopi/Ros2_2023/Submarine/build/Interface/build install --record /home/yesopi/Ros2_2023/Submarine/build/Interface/install.log --single-version-externally-managed
[2.612s] DEBUG:colcon.colcon_core.event_handler.log_command:Invoked command in '/home/yesopi/Ros2_2023/Submarine/src/Interface' returned '0': PYTHONPATH=/home/yesopi/Ros2_2023/Submarine/build/Interface/prefix_override:/home/yesopi/Ros2_2023/Submarine/install/Interface/lib/python3.10/site-packages:${PYTHONPATH} /usr/bin/python3 setup.py egg_info --egg-base ../../build/Interface build --build-base /home/yesopi/Ros2_2023/Submarine/build/Interface/build install --record /home/yesopi/Ros2_2023/Submarine/build/Interface/install.log --single-version-externally-managed
[2.617s] Level 1:colcon.colcon_core.environment:checking '/home/yesopi/Ros2_2023/Submarine/install/Interface' for CMake module files
[2.617s] Level 1:colcon.colcon_core.environment:checking '/home/yesopi/Ros2_2023/Submarine/install/Interface' for CMake config files
[2.617s] Level 1:colcon.colcon_core.environment:checking '/home/yesopi/Ros2_2023/Submarine/install/Interface/lib'
[2.618s] Level 1:colcon.colcon_core.environment:checking '/home/yesopi/Ros2_2023/Submarine/install/Interface/bin'
[2.618s] Level 1:colcon.colcon_core.environment:checking '/home/yesopi/Ros2_2023/Submarine/install/Interface/lib/pkgconfig/Interface.pc'
[2.618s] Level 1:colcon.colcon_core.environment:checking '/home/yesopi/Ros2_2023/Submarine/install/Interface/lib/python3.10/site-packages'
[2.618s] Level 1:colcon.colcon_core.shell:create_environment_hook('Interface', 'pythonpath')
[2.619s] INFO:colcon.colcon_core.shell:Creating environment hook '/home/yesopi/Ros2_2023/Submarine/install/Interface/share/Interface/hook/pythonpath.ps1'
[2.619s] INFO:colcon.colcon_core.shell:Creating environment descriptor '/home/yesopi/Ros2_2023/Submarine/install/Interface/share/Interface/hook/pythonpath.dsv'
[2.619s] INFO:colcon.colcon_core.shell:Creating environment hook '/home/yesopi/Ros2_2023/Submarine/install/Interface/share/Interface/hook/pythonpath.sh'
[2.620s] Level 1:colcon.colcon_core.environment:checking '/home/yesopi/Ros2_2023/Submarine/install/Interface/bin'
[2.620s] Level 1:colcon.colcon_core.environment:create_environment_scripts_only(Interface)
[2.621s] INFO:colcon.colcon_core.shell:Creating package script '/home/yesopi/Ros2_2023/Submarine/install/Interface/share/Interface/package.ps1'
[2.621s] INFO:colcon.colcon_core.shell:Creating package descriptor '/home/yesopi/Ros2_2023/Submarine/install/Interface/share/Interface/package.dsv'
[2.622s] INFO:colcon.colcon_core.shell:Creating package script '/home/yesopi/Ros2_2023/Submarine/install/Interface/share/Interface/package.sh'
[2.622s] INFO:colcon.colcon_core.shell:Creating package script '/home/yesopi/Ros2_2023/Submarine/install/Interface/share/Interface/package.bash'
[2.633s] INFO:colcon.colcon_core.shell:Creating package script '/home/yesopi/Ros2_2023/Submarine/install/Interface/share/Interface/package.zsh'
[2.635s] Level 1:colcon.colcon_core.environment:create_file_with_runtime_dependencies(/home/yesopi/Ros2_2023/Submarine/install/Interface/share/colcon-core/packages/Interface)
[2.636s] DEBUG:colcon.colcon_parallel_executor.executor.parallel:closing loop
[2.637s] DEBUG:colcon.colcon_parallel_executor.executor.parallel:loop closed
[2.637s] DEBUG:colcon.colcon_parallel_executor.executor.parallel:run_until_complete finished with '0'
[2.637s] DEBUG:colcon.colcon_core.event_reactor:joining thread
[2.655s] INFO:colcon.colcon_core.plugin_system:Skipping extension 'colcon_notification.desktop_notification.terminal_notifier': Not used on non-Darwin systems
[2.656s] INFO:colcon.colcon_core.plugin_system:Skipping extension 'colcon_notification.desktop_notification.win32': Not used on non-Windows systems
[2.656s] INFO:colcon.colcon_notification.desktop_notification:Sending desktop notification using 'notify2'
[2.677s] DEBUG:colcon.colcon_core.event_reactor:joined thread
[2.678s] INFO:colcon.colcon_core.shell:Creating prefix script '/home/yesopi/Ros2_2023/Submarine/install/local_setup.ps1'
[2.679s] INFO:colcon.colcon_core.shell:Creating prefix util module '/home/yesopi/Ros2_2023/Submarine/install/_local_setup_util_ps1.py'
[2.680s] INFO:colcon.colcon_core.shell:Creating prefix chain script '/home/yesopi/Ros2_2023/Submarine/install/setup.ps1'
[2.689s] INFO:colcon.colcon_core.shell:Creating prefix script '/home/yesopi/Ros2_2023/Submarine/install/local_setup.sh'
[2.690s] INFO:colcon.colcon_core.shell:Creating prefix util module '/home/yesopi/Ros2_2023/Submarine/install/_local_setup_util_sh.py'
[2.691s] INFO:colcon.colcon_core.shell:Creating prefix chain script '/home/yesopi/Ros2_2023/Submarine/install/setup.sh'
[2.693s] INFO:colcon.colcon_core.shell:Creating prefix script '/home/yesopi/Ros2_2023/Submarine/install/local_setup.bash'
[2.694s] INFO:colcon.colcon_core.shell:Creating prefix chain script '/home/yesopi/Ros2_2023/Submarine/install/setup.bash'
[2.695s] INFO:colcon.colcon_core.shell:Creating prefix script '/home/yesopi/Ros2_2023/Submarine/install/local_setup.zsh'
[2.696s] INFO:colcon.colcon_core.shell:Creating prefix chain script '/home/yesopi/Ros2_2023/Submarine/install/setup.zsh'
