[0.974s] Invoking command in '/home/yesopi/Ros2_2023/Submarine/src/Interface': PYTHONPATH=/home/yesopi/Ros2_2023/Submarine/build/Interface/prefix_override:/home/yesopi/Ros2_2023/Submarine/install/Interface/lib/python3.10/site-packages:${PYTHONPATH} /usr/bin/python3 setup.py egg_info --egg-base ../../build/Interface build --build-base /home/yesopi/Ros2_2023/Submarine/build/Interface/build install --record /home/yesopi/Ros2_2023/Submarine/build/Interface/install.log --single-version-externally-managed
[1.182s] running egg_info
[1.183s] writing ../../build/Interface/Interface.egg-info/PKG-INFO
[1.183s] writing dependency_links to ../../build/Interface/Interface.egg-info/dependency_links.txt
[1.183s] writing entry points to ../../build/Interface/Interface.egg-info/entry_points.txt
[1.184s] writing requirements to ../../build/Interface/Interface.egg-info/requires.txt
[1.184s] writing top-level names to ../../build/Interface/Interface.egg-info/top_level.txt
[1.185s] reading manifest file '../../build/Interface/Interface.egg-info/SOURCES.txt'
[1.185s] writing manifest file '../../build/Interface/Interface.egg-info/SOURCES.txt'
[1.186s] running build
[1.186s] running build_py
[1.186s] copying Interface/InterfaceNode.py -> /home/yesopi/Ros2_2023/Submarine/build/Interface/build/lib/Interface
[1.186s] running install
[1.242s] /usr/lib/python3/dist-packages/setuptools/command/install.py:34: SetuptoolsDeprecationWarning: setup.py install is deprecated. Use build and pip and other standards-based tools.
[1.242s]   warnings.warn(
[1.243s] running install_lib
[1.245s] copying /home/yesopi/Ros2_2023/Submarine/build/Interface/build/lib/Interface/InterfaceNode.py -> /home/yesopi/Ros2_2023/Submarine/install/Interface/lib/python3.10/site-packages/Interface
[1.247s] byte-compiling /home/yesopi/Ros2_2023/Submarine/install/Interface/lib/python3.10/site-packages/Interface/InterfaceNode.py to InterfaceNode.cpython-310.pyc
[1.257s] running install_data
[1.259s] running install_egg_info
[1.264s] removing '/home/yesopi/Ros2_2023/Submarine/install/Interface/lib/python3.10/site-packages/Interface-0.0.0-py3.10.egg-info' (and everything under it)
[1.264s] Copying ../../build/Interface/Interface.egg-info to /home/yesopi/Ros2_2023/Submarine/install/Interface/lib/python3.10/site-packages/Interface-0.0.0-py3.10.egg-info
[1.287s] running install_scripts
[1.302s] Installing interface script to /home/yesopi/Ros2_2023/Submarine/install/Interface/lib/Interface
[1.302s] writing list of installed files to '/home/yesopi/Ros2_2023/Submarine/build/Interface/install.log'
[1.316s] Invoked command in '/home/yesopi/Ros2_2023/Submarine/src/Interface' returned '0': PYTHONPATH=/home/yesopi/Ros2_2023/Submarine/build/Interface/prefix_override:/home/yesopi/Ros2_2023/Submarine/install/Interface/lib/python3.10/site-packages:${PYTHONPATH} /usr/bin/python3 setup.py egg_info --egg-base ../../build/Interface build --build-base /home/yesopi/Ros2_2023/Submarine/build/Interface/build install --record /home/yesopi/Ros2_2023/Submarine/build/Interface/install.log --single-version-externally-managed
