/home/yesopi/Submarine/install/cam_stream/lib/python3.10/site-packages/cam_stream/driver_node.py
/home/yesopi/Submarine/install/cam_stream/lib/python3.10/site-packages/cam_stream/realsense_node.py
/home/yesopi/Submarine/install/cam_stream/lib/python3.10/site-packages/cam_stream/image_ctrl.py
/home/yesopi/Submarine/install/cam_stream/lib/python3.10/site-packages/cam_stream/__init__.py
/home/yesopi/Submarine/install/cam_stream/lib/python3.10/site-packages/cam_stream/__pycache__/driver_node.cpython-310.pyc
/home/yesopi/Submarine/install/cam_stream/lib/python3.10/site-packages/cam_stream/__pycache__/realsense_node.cpython-310.pyc
/home/yesopi/Submarine/install/cam_stream/lib/python3.10/site-packages/cam_stream/__pycache__/image_ctrl.cpython-310.pyc
/home/yesopi/Submarine/install/cam_stream/lib/python3.10/site-packages/cam_stream/__pycache__/__init__.cpython-310.pyc
/home/yesopi/Submarine/install/cam_stream/share/ament_index/resource_index/packages/cam_stream
/home/yesopi/Submarine/install/cam_stream/share/cam_stream/package.xml
/home/yesopi/Submarine/install/cam_stream/lib/cam_stream/show_img.py
/home/yesopi/Submarine/install/cam_stream/lib/cam_stream/cam_boton.py
/home/yesopi/Submarine/install/cam_stream/lib/cam_stream/Codigo_ranas.py
/home/yesopi/Submarine/install/cam_stream/lib/cam_stream/imgCrop.py
/home/yesopi/Submarine/install/cam_stream/lib/python3.10/site-packages/cam_stream-0.0.0-py3.10.egg-info/entry_points.txt
/home/yesopi/Submarine/install/cam_stream/lib/python3.10/site-packages/cam_stream-0.0.0-py3.10.egg-info/top_level.txt
/home/yesopi/Submarine/install/cam_stream/lib/python3.10/site-packages/cam_stream-0.0.0-py3.10.egg-info/zip-safe
/home/yesopi/Submarine/install/cam_stream/lib/python3.10/site-packages/cam_stream-0.0.0-py3.10.egg-info/requires.txt
/home/yesopi/Submarine/install/cam_stream/lib/python3.10/site-packages/cam_stream-0.0.0-py3.10.egg-info/dependency_links.txt
/home/yesopi/Submarine/install/cam_stream/lib/python3.10/site-packages/cam_stream-0.0.0-py3.10.egg-info/PKG-INFO
/home/yesopi/Submarine/install/cam_stream/lib/python3.10/site-packages/cam_stream-0.0.0-py3.10.egg-info/SOURCES.txt
/home/yesopi/Submarine/install/cam_stream/lib/cam_stream/driver_node
/home/yesopi/Submarine/install/cam_stream/lib/cam_stream/image_ctrl
/home/yesopi/Submarine/install/cam_stream/lib/cam_stream/realsense_node
