/home/yesopi/Submarine/install/aqui/lib/python3.10/site-packages/aqui/TestPub.py
/home/yesopi/Submarine/install/aqui/lib/python3.10/site-packages/aqui/TestCtrl.py
/home/yesopi/Submarine/install/aqui/lib/python3.10/site-packages/aqui/__init__.py
/home/yesopi/Submarine/install/aqui/lib/python3.10/site-packages/aqui/TestSub.py
/home/yesopi/Submarine/install/aqui/lib/python3.10/site-packages/aqui/__pycache__/TestPub.cpython-310.pyc
/home/yesopi/Submarine/install/aqui/lib/python3.10/site-packages/aqui/__pycache__/TestCtrl.cpython-310.pyc
/home/yesopi/Submarine/install/aqui/lib/python3.10/site-packages/aqui/__pycache__/__init__.cpython-310.pyc
/home/yesopi/Submarine/install/aqui/lib/python3.10/site-packages/aqui/__pycache__/TestSub.cpython-310.pyc
/home/yesopi/Submarine/install/aqui/share/ament_index/resource_index/packages/aqui
/home/yesopi/Submarine/install/aqui/share/aqui/package.xml
/home/yesopi/Submarine/install/aqui/share/aqui/launch/pub.launch.py
/home/yesopi/Submarine/install/aqui/share/aqui/launch/sub.launch.py
/home/yesopi/Submarine/install/aqui/lib/python3.10/site-packages/aqui-0.0.0-py3.10.egg-info/entry_points.txt
/home/yesopi/Submarine/install/aqui/lib/python3.10/site-packages/aqui-0.0.0-py3.10.egg-info/top_level.txt
/home/yesopi/Submarine/install/aqui/lib/python3.10/site-packages/aqui-0.0.0-py3.10.egg-info/zip-safe
/home/yesopi/Submarine/install/aqui/lib/python3.10/site-packages/aqui-0.0.0-py3.10.egg-info/requires.txt
/home/yesopi/Submarine/install/aqui/lib/python3.10/site-packages/aqui-0.0.0-py3.10.egg-info/dependency_links.txt
/home/yesopi/Submarine/install/aqui/lib/python3.10/site-packages/aqui-0.0.0-py3.10.egg-info/PKG-INFO
/home/yesopi/Submarine/install/aqui/lib/python3.10/site-packages/aqui-0.0.0-py3.10.egg-info/SOURCES.txt
/home/yesopi/Submarine/install/aqui/lib/aqui/TestPub
/home/yesopi/Submarine/install/aqui/lib/aqui/TestSub
